<?xml version="1.0" encoding="UTF-8"?>
<!-- Generated by org.testng.reporters.JUnitXMLReporter -->
<testsuite ignored="0" hostname="Nandinis-MacBook-Air.local" failures="1" tests="1" name="Framework" time="4.138" errors="0" timestamp="2025-03-01T11:03:17 IST">
  <testcase classname="nandini.Tests.ErrorValidation" name="SubmitOrder" time="0.303">
    <failure type="java.lang.AssertionError" message="expected [Incorrect email or password.] but found [Incorrect email or passwrord.]">
      <![CDATA[java.lang.AssertionError: expected [Incorrect email or password.] but found [Incorrect email or passwrord.]
at nandini.Tests.ErrorValidation.SubmitOrder(ErrorValidation.java:22)
at java.base/java.util.ArrayList.forEach(ArrayList.java:1596)
at nandini.test.main(test.java:13)
... Removed 28 stack frames]]>
    </failure>
  </testcase> <!-- SubmitOrder -->
</testsuite> <!-- Framework -->
