<?xml version="1.0" encoding="UTF-8"?>
<!-- Generated by org.testng.reporters.JUnitXMLReporter -->
<testsuite ignored="0" hostname="Nandinis-MacBook-Air.local" failures="0" tests="4" name="Stand alone test" time="17.969" errors="0" timestamp="2025-03-04T23:48:01 IST">
  <testcase classname="nandini.Tests.StandaloneTest" name="SubmitOrder" time="4.03"/>
  <testcase classname="nandini.Tests.StandaloneTest" name="SubmitOrder" time="3.176"/>
  <testcase classname="nandini.Tests.StandaloneTest" name="OrderHistoryTest" time="0.35"/>
  <testcase classname="nandini.Tests.StandaloneTest" name="OrderHistoryTest" time="0.347"/>
</testsuite> <!-- Stand alone test -->
