<?xml version="1.0" encoding="UTF-8"?>
<!-- Generated by org.testng.reporters.JUnitXMLReporter -->
<testsuite ignored="0" hostname="Nandinis-MacBook-Air.local" failures="1" tests="3" name="ErrorValidation" time="13.48" errors="0" timestamp="2025-03-07T09:44:49 IST">
  <testcase classname="nandini.Tests.ErrorValidation" name="LoginErrorValidation" time="0.89">
    <skipped/>
  </testcase> <!-- LoginErrorValidation -->
  <testcase classname="nandini.Tests.ErrorValidation" name="LoginErrorValidation" time="0.764">
    <failure type="java.lang.AssertionError" message="expected [Incorrect email or password.] but found [Incorrect email o password.]">
      <![CDATA[java.lang.AssertionError: expected [Incorrect email or password.] but found [Incorrect email o password.]
at nandini.Tests.ErrorValidation.LoginErrorValidation(ErrorValidation.java:33)
at java.base/java.util.ArrayList.forEach(ArrayList.java:1596)
at java.base/java.util.concurrent.FutureTask.run(FutureTask.java:317)
at java.base/java.util.concurrent.ThreadPoolExecutor.runWorker(ThreadPoolExecutor.java:1144)
at java.base/java.util.concurrent.ThreadPoolExecutor$Worker.run(ThreadPoolExecutor.java:642)
at java.base/java.lang.Thread.run(Thread.java:1583)
... Removed 21 stack frames]]>
    </failure>
  </testcase> <!-- LoginErrorValidation -->
  <testcase classname="nandini.Tests.ErrorValidation" name="ProductErrorValidation" time="3.443"/>
</testsuite> <!-- ErrorValidation -->
