<?xml version="1.0" encoding="UTF-8"?>
<!-- Generated by org.testng.reporters.JUnitXMLReporter -->
<testsuite ignored="0" hostname="Nandinis-MacBook-Air.local" failures="0" tests="4" name="Stand alone test" time="20.027" errors="0" timestamp="2025-03-07T09:44:56 IST">
  <testcase classname="nandini.Tests.StandaloneTest" name="SubmitOrder" time="4.176"/>
  <testcase classname="nandini.Tests.StandaloneTest" name="SubmitOrder" time="3.362"/>
  <testcase classname="nandini.Tests.StandaloneTest" name="OrderHistoryTest" time="0.464"/>
  <testcase classname="nandini.Tests.StandaloneTest" name="OrderHistoryTest" time="0.395"/>
</testsuite> <!-- Stand alone test -->
