<?xml version="1.0" encoding="UTF-8"?>
<testng-results ignored="0" total="1" passed="1" failed="0" skipped="0">
  <reporter-output>
  </reporter-output>
  <suite started-at="2025-03-17T11:37:26 IST" name="Cucumber Test Suite" finished-at="2025-03-17T11:37:29 IST" duration-ms="2936">
    <groups>
      <group name="cucumber">
        <method signature="AbstractTestNGCucumberTests.runScenario(io.cucumber.testng.PickleWrapper,io.cucumber.testng.FeatureWrapper)[pri:0, instance:nandini.cucumber.TestNGTestRunner@9353778]" name="runScenario" class="io.cucumber.testng.AbstractTestNGCucumberTests"/>
      </group> <!-- cucumber -->
    </groups>
    <test started-at="2025-03-17T11:37:26 IST" name="Cucumber Scenarios" finished-at="2025-03-17T11:37:29 IST" duration-ms="2936">
      <class name="nandini.cucumber.TestNGTestRunner">
        <test-method is-config="true" signature="setUpClass(org.testng.ITestContext)[pri:0, instance:nandini.cucumber.TestNGTestRunner@9353778]" started-at="2025-03-17T11:37:26 IST" name="setUpClass" finished-at="2025-03-17T11:37:26 IST" duration-ms="160" status="PASS">
          <params>
            <param index="0">
              <value>
                <![CDATA[org.testng.TestRunner@23811a09]]>
              </value>
            </param>
          </params>
          <reporter-output>
          </reporter-output>
        </test-method> <!-- setUpClass -->
        <test-method signature="runScenario(io.cucumber.testng.PickleWrapper,io.cucumber.testng.FeatureWrapper)[pri:0, instance:nandini.cucumber.TestNGTestRunner@9353778]" started-at="2025-03-17T11:37:26 IST" name="runScenario" description="Runs Cucumber Scenarios" data-provider="scenarios" finished-at="2025-03-17T11:37:29 IST" duration-ms="2752" status="PASS">
          <params>
            <param index="0">
              <value>
                <![CDATA["Validating the error"]]>
              </value>
            </param>
            <param index="1">
              <value>
                <![CDATA["Error validation"]]>
              </value>
            </param>
          </params>
          <reporter-output>
          </reporter-output>
        </test-method> <!-- runScenario -->
        <test-method is-config="true" signature="tearDownClass()[pri:0, instance:nandini.cucumber.TestNGTestRunner@9353778]" started-at="2025-03-17T11:37:29 IST" name="tearDownClass" finished-at="2025-03-17T11:37:29 IST" duration-ms="12" status="PASS">
          <reporter-output>
          </reporter-output>
        </test-method> <!-- tearDownClass -->
      </class> <!-- nandini.cucumber.TestNGTestRunner -->
    </test> <!-- Cucumber Scenarios -->
  </suite> <!-- Cucumber Test Suite -->
</testng-results>
